<?xml version="1.0" encoding="UTF-8"?>
<!-- Generated by org.testng.reporters.JUnitReportReporter -->
<testsuite hostname="UDIND-LP041" failures="0" tests="1" name="Day13.UntitledTestCase" time="8.399" errors="0" timestamp="2022-06-15T21:12:45 IST" skipped="0">
  <testcase classname="Day13.UntitledTestCase" name="testUntitledTestCase" time="8.399"/>
  <system-out/>
</testsuite> <!-- Day13.UntitledTestCase -->
