<?xml version="1.0" encoding="UTF-8"?>
<!-- Generated by org.testng.reporters.JUnitReportReporter -->
<testsuite hostname="UDIND-LP041" failures="0" tests="1" name="Day6.Test_YouTubeSearch_TestNG_Demo" time="6.063" errors="0" timestamp="2022-06-12T18:14:01 IST" skipped="0">
  <testcase classname="Day6.Test_YouTubeSearch_TestNG_Demo" name="youtube_search" time="6.063"/>
  <system-out/>
</testsuite> <!-- Day6.Test_YouTubeSearch_TestNG_Demo -->
