<?xml version="1.0" encoding="UTF-8"?>
<!-- Generated by org.testng.reporters.JUnitReportReporter -->
<testsuite hostname="UDIND-LP041" failures="0" tests="3" name="Day11.TestNGDependencyDemo" time="0.016" errors="0" timestamp="2022-06-14T17:59:45 IST" skipped="0">
  <testcase classname="Day11.TestNGDependencyDemo" name="test3" time="0.002"/>
  <system-out/>
  <testcase classname="Day11.TestNGDependencyDemo" name="test1" time="0.002"/>
  <system-out/>
  <testcase classname="Day11.TestNGDependencyDemo" name="test2" time="0.012"/>
  <system-out/>
</testsuite> <!-- Day11.TestNGDependencyDemo -->
