<?xml version="1.0" encoding="UTF-8"?>
<!-- Generated by org.testng.reporters.JUnitReportReporter -->
<testsuite hostname="UDIND-LP041" failures="0" tests="1" name="Day8.Test_YouTubeSearch_TestNG_Demo_Properties" time="4.706" errors="0" timestamp="2022-06-13T11:24:26 IST" skipped="0">
  <testcase classname="Day8.Test_YouTubeSearch_TestNG_Demo_Properties" name="youtube_search" time="4.706"/>
  <system-out/>
</testsuite> <!-- Day8.Test_YouTubeSearch_TestNG_Demo_Properties -->
