<?xml version="1.0" encoding="UTF-8"?>
<!-- Generated by org.testng.reporters.JUnitReportReporter -->
<testsuite hostname="UDIND-LP041" failures="0" tests="3" name="Day9.TestPriorityDemo" time="0.014" errors="0" timestamp="2022-06-13T16:56:35 IST" skipped="0">
  <testcase classname="Day9.TestPriorityDemo" name="one" time="0.011"/>
  <system-out/>
  <testcase classname="Day9.TestPriorityDemo" name="three" time="0.002"/>
  <system-out/>
  <testcase classname="Day9.TestPriorityDemo" name="two" time="0.001"/>
  <system-out/>
</testsuite> <!-- Day9.TestPriorityDemo -->
