<?xml version="1.0" encoding="UTF-8"?>
<!-- Generated by org.testng.reporters.JUnitReportReporter -->
<testsuite hostname="UDIND-LP041" failures="0" tests="3" name="Day9.TestNGListnersDemo" time="12.023" errors="0" timestamp="2022-06-13T16:43:15 IST" skipped="1">
  <testcase classname="Day9.TestNGListnersDemo" name="test2" time="12.009"/>
  <system-out/>
  <testcase classname="Day9.TestNGListnersDemo" name="test1" time="0.012"/>
  <system-out/>
  <testcase classname="Day9.TestNGListnersDemo" name="test3" time="0.002">
    <skipped/>
  </testcase> <!-- test3 -->
  <system-out/>
</testsuite> <!-- Day9.TestNGListnersDemo -->
