<?xml version="1.0" encoding="UTF-8"?>
<!-- Generated by org.testng.reporters.JUnitReportReporter -->
<testsuite hostname="UDIND-LP041" failures="0" tests="1" name="Day6.Test_YouTubeSearch_TestNG_Demo2" time="6.162" errors="0" timestamp="2022-06-12T18:14:01 IST" skipped="0">
  <testcase classname="Day6.Test_YouTubeSearch_TestNG_Demo2" name="youtube_search3" time="6.162"/>
  <system-out/>
</testsuite> <!-- Day6.Test_YouTubeSearch_TestNG_Demo2 -->
