<?xml version="1.0" encoding="UTF-8"?>
<!-- Generated by org.testng.reporters.JUnitReportReporter -->
<testsuite hostname="UDIND-LP041" failures="0" tests="4" name="Day10.TestNGGroupDEmo" time="0.013" errors="0" timestamp="2022-06-13T23:06:43 IST" skipped="0">
  <testcase classname="Day10.TestNGGroupDEmo" name="test3" time="0.001"/>
  <system-out/>
  <testcase classname="Day10.TestNGGroupDEmo" name="test1" time="0.010"/>
  <system-out/>
  <testcase classname="Day10.TestNGGroupDEmo" name="test4" time="0.001"/>
  <system-out/>
  <testcase classname="Day10.TestNGGroupDEmo" name="test2" time="0.001"/>
  <system-out/>
</testsuite> <!-- Day10.TestNGGroupDEmo -->
