<?xml version="1.0" encoding="UTF-8"?>
<!-- Generated by org.testng.reporters.JUnitReportReporter -->
<testsuite hostname="UDIND-LP041" failures="0" tests="1" name="Day10.TestNGParameterDemo" time="0.008" errors="0" timestamp="2022-06-13T23:24:22 IST" skipped="0">
  <testcase classname="Day10.TestNGParameterDemo" name="test" time="0.008"/>
  <system-out/>
</testsuite> <!-- Day10.TestNGParameterDemo -->
