<?xml version="1.0" encoding="UTF-8"?>
<!-- Generated by org.testng.reporters.JUnitReportReporter -->
<testsuite hostname="UDIND-LP041" failures="0" tests="3" name="Day9.TestNGListnersDemo2" time="0.004" errors="0" timestamp="2022-06-13T16:39:10 IST" skipped="0">
  <testcase classname="Day9.TestNGListnersDemo2" name="test4" time="0.001"/>
  <system-out/>
  <testcase classname="Day9.TestNGListnersDemo2" name="test5" time="0.002"/>
  <system-out/>
  <testcase classname="Day9.TestNGListnersDemo2" name="test6" time="0.001"/>
  <system-out/>
</testsuite> <!-- Day9.TestNGListnersDemo2 -->
