<?xml version="1.0" encoding="UTF-8"?>
<!-- Generated by org.testng.reporters.JUnitReportReporter -->
<testsuite hostname="UDIND-LP041" failures="0" tests="2" name="Day11.TestIgnoreDemo" time="0.011" errors="0" timestamp="2022-06-14T18:05:37 IST" skipped="1">
  <testcase classname="Day11.TestIgnoreDemo" name="test2" time="0.011"/>
  <system-out/>
  <testcase classname="Day11.TestIgnoreDemo" name="test1">
    <skipped/>
  </testcase> <!-- test1 -->
  <system-out/>
</testsuite> <!-- Day11.TestIgnoreDemo -->
