<?xml version="1.0" encoding="UTF-8"?>
<!-- Generated by org.testng.reporters.JUnitReportReporter -->
<testsuite hostname="UDIND-LP041" failures="0" tests="2" name="Day5.ExtentReportDemoWithTestNG" time="3.856" errors="0" timestamp="2022-06-12T16:44:02 IST" skipped="0">
  <testcase classname="Day5.ExtentReportDemoWithTestNG" name="test" time="3.854"/>
  <system-out/>
  <testcase classname="Day5.ExtentReportDemoWithTestNG" name="test1" time="0.002"/>
  <system-out/>
</testsuite> <!-- Day5.ExtentReportDemoWithTestNG -->
