<?xml version="1.0" encoding="UTF-8"?>
<!-- Generated by org.testng.reporters.JUnitReportReporter -->
<testsuite hostname="UDIND-LP041" failures="0" tests="1" name="Day4.Test_YouTubeSearch_TestNG_Demo" time="4.725" errors="0" timestamp="2022-06-12T11:42:41 IST" skipped="0">
  <testcase classname="Day4.Test_YouTubeSearch_TestNG_Demo" name="youtube_search" time="4.725"/>
  <system-out/>
</testsuite> <!-- Day4.Test_YouTubeSearch_TestNG_Demo -->
