<?xml version="1.0" encoding="UTF-8"?>
<!-- Generated by org.testng.reporters.JUnitReportReporter -->
<testsuite hostname="UDIND-LP041" failures="0" tests="3" name="Day10.TestNGMultiBrowserDemo" time="23.054" errors="0" timestamp="2022-06-13T22:27:21 IST" skipped="0">
  <testcase classname="Day10.TestNGMultiBrowserDemo" name="test1" time="10.387"/>
  <system-out/>
  <testcase classname="Day10.TestNGMultiBrowserDemo" name="test1" time="5.912"/>
  <system-out/>
  <testcase classname="Day10.TestNGMultiBrowserDemo" name="test1" time="6.755"/>
  <system-out/>
</testsuite> <!-- Day10.TestNGMultiBrowserDemo -->
