<?xml version="1.0" encoding="UTF-8"?>
<!-- Generated by org.testng.reporters.JUnitReportReporter -->
<testsuite hostname="UDIND-LP041" failures="0" tests="2" name="Day8.ExcelDataProvider" time="6.879" errors="0" timestamp="2022-06-13T14:16:49 IST" skipped="0">
  <testcase classname="Day8.ExcelDataProvider" name="test1" time="4.342"/>
  <system-out/>
  <testcase classname="Day8.ExcelDataProvider" name="test1" time="2.537"/>
  <system-out/>
</testsuite> <!-- Day8.ExcelDataProvider -->
